2025-05-23 09:26:16,813 - INFO - Iniciando extração.
2025-05-23 09:26:18,037 - INFO - Extração concluída.
2025-05-23 09:26:18,038 - INFO - Iniciando transformação.
2025-05-23 09:26:18,201 - INFO - Transformação concluída.
2025-05-23 09:26:18,201 - INFO - Iniciando carga.
2025-05-23 09:26:19,075 - INFO - Carga concluída.
2025-05-23 09:27:25,259 - INFO - Iniciando extração.
2025-05-23 09:27:26,138 - INFO - Extração concluída.
2025-05-23 09:27:26,139 - INFO - Iniciando transformação.
2025-05-23 09:27:26,173 - INFO - Transformação concluída.
2025-05-23 09:27:26,173 - INFO - Iniciando carga.
2025-05-23 09:27:26,528 - INFO - Carga concluída.
2025-05-23 09:29:38,059 - INFO - Iniciando extração.
2025-05-23 09:29:38,922 - INFO - Extração concluída.
2025-05-23 09:29:38,930 - INFO - Iniciando transformação.
2025-05-23 09:29:38,955 - INFO - Transformação concluída.
2025-05-23 09:29:38,955 - INFO - Iniciando carga.
2025-05-23 09:29:39,538 - INFO - Carga concluída.
2025-05-23 15:30:24,097 - INFO - Iniciando extração.
2025-05-23 15:30:25,118 - INFO - Extração concluída.
2025-05-23 15:30:25,118 - INFO - Iniciando transformação.
2025-05-23 15:30:25,150 - INFO - Transformação concluída.
2025-05-23 15:30:25,150 - INFO - Iniciando carga.
2025-05-23 15:30:25,400 - INFO - Carga concluída.
2025-05-23 15:33:02,556 - INFO - Iniciando extração.
2025-05-23 15:33:03,428 - INFO - Extração concluída.
2025-05-23 15:33:03,429 - INFO - Iniciando transformação.
2025-05-23 15:33:03,449 - INFO - Transformação concluída.
2025-05-23 15:33:03,450 - INFO - Iniciando carga.
2025-05-23 15:33:03,754 - INFO - Carga concluída.
2025-05-23 15:34:01,556 - INFO - Iniciando extração.
2025-05-23 15:34:02,405 - INFO - Extração concluída.
2025-05-23 15:34:02,406 - INFO - Iniciando transformação.
2025-05-23 15:34:02,427 - INFO - Transformação concluída.
2025-05-23 15:34:02,427 - INFO - Iniciando carga.
2025-05-23 15:34:02,657 - INFO - Carga concluída.
2025-05-23 15:37:57,141 - INFO - Iniciando extração.
2025-05-23 15:37:58,029 - INFO - Extração concluída.
2025-05-23 15:37:58,030 - INFO - Iniciando transformação.
2025-05-23 15:37:58,053 - INFO - Transformação concluída.
2025-05-23 15:37:58,053 - INFO - Iniciando carga.
2025-05-23 15:37:58,471 - INFO - Carga concluída.
2025-05-23 15:38:49,641 - INFO - Iniciando extração.
2025-05-23 15:38:50,516 - INFO - Extração concluída.
2025-05-23 15:38:50,517 - INFO - Iniciando transformação.
2025-05-23 15:38:50,540 - INFO - Transformação concluída.
2025-05-23 15:38:50,540 - INFO - Iniciando carga.
2025-05-23 15:38:50,789 - INFO - Carga concluída.
2025-05-23 15:47:21,952 - INFO - Iniciando extração.
2025-05-23 15:47:22,829 - INFO - Extração concluída.
2025-05-23 15:47:22,829 - INFO - Iniciando transformação.
2025-05-23 15:47:22,853 - INFO - Transformação concluída.
2025-05-23 15:47:22,853 - INFO - Iniciando carga.
2025-05-23 15:47:23,163 - INFO - Carga concluída.
2025-05-23 15:51:33,636 - INFO - Iniciando extração.
2025-05-23 15:51:34,545 - INFO - Extração concluída.
2025-05-23 15:51:34,545 - INFO - Iniciando transformação.
2025-05-23 15:51:34,567 - INFO - Transformação concluída.
2025-05-23 15:51:34,567 - INFO - Iniciando carga.
2025-05-23 15:51:34,749 - INFO - Carga concluída.
2025-05-23 15:53:49,365 - INFO - Iniciando extração.
2025-05-23 15:53:50,658 - INFO - Extração concluída.
2025-05-23 15:53:50,659 - INFO - Iniciando transformação.
2025-05-23 15:53:50,678 - INFO - Transformação concluída.
2025-05-23 15:53:50,678 - INFO - Iniciando carga.
2025-05-23 15:53:50,992 - INFO - Carga concluída.
2025-05-23 15:57:58,296 - INFO - Iniciando extração.
2025-05-23 15:57:59,166 - INFO - Extração concluída.
2025-05-23 15:57:59,167 - INFO - Iniciando transformação.
2025-05-23 15:57:59,187 - INFO - Transformação concluída.
2025-05-23 15:57:59,187 - INFO - Iniciando carga.
2025-05-23 15:57:59,460 - INFO - Carga concluída.
2025-05-23 16:00:18,897 - INFO - Iniciando extração.
2025-05-23 16:00:19,981 - INFO - Extração concluída.
2025-05-23 16:00:19,982 - INFO - Iniciando transformação.
2025-05-23 16:00:20,003 - INFO - Transformação concluída.
2025-05-23 16:00:20,003 - INFO - Iniciando carga.
2025-05-23 16:00:20,261 - INFO - Carga concluída.
2025-05-23 16:01:11,869 - INFO - Iniciando extração.
2025-05-23 16:01:12,733 - INFO - Extração concluída.
2025-05-23 16:01:12,733 - INFO - Iniciando transformação.
2025-05-23 16:01:12,770 - INFO - Transformação concluída.
2025-05-23 16:01:12,771 - INFO - Iniciando carga.
2025-05-23 16:01:13,058 - INFO - Carga concluída.
2025-05-23 16:01:58,095 - INFO - Iniciando extração.
2025-05-23 16:01:58,970 - INFO - Extração concluída.
2025-05-23 16:01:58,971 - INFO - Iniciando transformação.
2025-05-23 16:01:58,992 - INFO - Transformação concluída.
2025-05-23 16:01:58,992 - INFO - Iniciando carga.
2025-05-23 16:01:59,212 - INFO - Carga concluída.
